# JRE version: OpenJDK Runtime Environment (11.0.6+10) (build 11.0.6+10)
# Java VM: OpenJDK 64-Bit Server VM (11.0.6+10, mixed mode, tiered, compressed oops, parallel gc, linux-amd64)
Heap:
 PSYoungGen      total 86528K, used 19040K [0x00000000eab00000, 0x00000000f6200000, 0x0000000100000000)
  eden space 64000K, 0% used [0x00000000eab00000,0x00000000eab00000,0x00000000ee980000)
  from space 22528K, 84% used [0x00000000ee980000,0x00000000efc18120,0x00000000eff80000)
  to   space 59904K, 0% used [0x00000000f2780000,0x00000000f2780000,0x00000000f6200000)
 ParOldGen       total 290816K, used 290737K [0x00000000c0000000, 0x00000000d1c00000, 0x00000000eab00000)
  object space 290816K, 99% used [0x00000000c0000000,0x00000000d1bec648,0x00000000d1c00000)
 Metaspace       used 49482K, capacity 51827K, committed 52004K, reserved 1095680K
  class space    used 4896K, capacity 5710K, committed 5760K, reserved 1048576K
GC Heap History (20 events):
Event: 30,191 GC heap after
{Heap after GC invocations=69 (full 5):
 PSYoungGen      total 48128K, used 9708K [0x00000000eab00000, 0x00000000ef200000, 0x0000000100000000)
  eden space 38400K, 0% used [0x00000000eab00000,0x00000000eab00000,0x00000000ed080000)
  from space 9728K, 99% used [0x00000000ed080000,0x00000000ed9fb380,0x00000000eda00000)
  to   space 16896K, 0% used [0x00000000ee180000,0x00000000ee180000,0x00000000ef200000)
 ParOldGen       total 199680K, used 189807K [0x00000000c0000000, 0x00000000cc300000, 0x00000000eab00000)
  object space 199680K, 95% used [0x00000000c0000000,0x00000000cb95bf80,0x00000000cc300000)
 Metaspace       used 49456K, capacity 51827K, committed 52004K, reserved 1095680K
  class space    used 4894K, capacity 5710K, committed 5760K, reserved 1048576K
}
Event: 30,839 GC heap before
{Heap before GC invocations=70 (full 5):
 PSYoungGen      total 48128K, used 48108K [0x00000000eab00000, 0x00000000ef200000, 0x0000000100000000)
  eden space 38400K, 100% used [0x00000000eab00000,0x00000000ed080000,0x00000000ed080000)
  from space 9728K, 99% used [0x00000000ed080000,0x00000000ed9fb380,0x00000000eda00000)
  to   space 16896K, 0% used [0x00000000ee180000,0x00000000ee180000,0x00000000ef200000)
 ParOldGen       total 199680K, used 189807K [0x00000000c0000000, 0x00000000cc300000, 0x00000000eab00000)
  object space 199680K, 95% used [0x00000000c0000000,0x00000000cb95bf80,0x00000000cc300000)
 Metaspace       used 49460K, capacity 51827K, committed 52004K, reserved 1095680K
  class space    used 4895K, capacity 5710K, committed 5760K, reserved 1048576K
}
Event: 30,943 GC heap after
{Heap after GC invocations=70 (full 5):
 PSYoungGen      total 50176K, used 8576K [0x00000000eab00000, 0x00000000eea00000, 0x0000000100000000)
  eden space 41472K, 0% used [0x00000000eab00000,0x00000000eab00000,0x00000000ed380000)
  from space 8704K, 98% used [0x00000000ee180000,0x00000000ee9e0060,0x00000000eea00000)
  to   space 11264K, 0% used [0x00000000ed400000,0x00000000ed400000,0x00000000edf00000)
 ParOldGen       total 199680K, used 199395K [0x00000000c0000000, 0x00000000cc300000, 0x00000000eab00000)
  object space 199680K, 99% used [0x00000000c0000000,0x00000000cc2b8dd0,0x00000000cc300000)
 Metaspace       used 49460K, capacity 51827K, committed 52004K, reserved 1095680K
  class space    used 4895K, capacity 5710K, committed 5760K, reserved 1048576K
}
Event: 30,944 GC heap before
{Heap before GC invocations=71 (full 6):
 PSYoungGen      total 50176K, used 8576K [0x00000000eab00000, 0x00000000eea00000, 0x0000000100000000)
  eden space 41472K, 0% used [0x00000000eab00000,0x00000000eab00000,0x00000000ed380000)
  from space 8704K, 98% used [0x00000000ee180000,0x00000000ee9e0060,0x00000000eea00000)
  to   space 11264K, 0% used [0x00000000ed400000,0x00000000ed400000,0x00000000edf00000)
 ParOldGen       total 199680K, used 199395K [0x00000000c0000000, 0x00000000cc300000, 0x00000000eab00000)
  object space 199680K, 99% used [0x00000000c0000000,0x00000000cc2b8dd0,0x00000000cc300000)
 Metaspace       used 49460K, capacity 51827K, committed 52004K, reserved 1095680K
  class space    used 4895K, capacity 5710K, committed 5760K, reserved 1048576K
}
Event: 31,799 GC heap after
{Heap after GC invocations=71 (full 6):
 PSYoungGen      total 53248K, used 3883K [0x00000000eab00000, 0x00000000eed00000, 0x0000000100000000)
  eden space 44544K, 0% used [0x00000000eab00000,0x00000000eab00000,0x00000000ed680000)
  from space 8704K, 44% used [0x00000000ee180000,0x00000000ee54ac40,0x00000000eea00000)
  to   space 11264K, 0% used [0x00000000ed680000,0x00000000ed680000,0x00000000ee180000)
 ParOldGen       total 287232K, used 199569K [0x00000000c0000000, 0x00000000d1880000, 0x00000000eab00000)
  object space 287232K, 69% used [0x00000000c0000000,0x00000000cc2e47b0,0x00000000d1880000)
 Metaspace       used 49460K, capacity 51827K, committed 52004K, reserved 1095680K
  class space    used 4895K, capacity 5710K, committed 5760K, reserved 1048576K
}
Event: 32,176 GC heap before
{Heap before GC invocations=72 (full 6):
 PSYoungGen      total 53248K, used 48427K [0x00000000eab00000, 0x00000000eed00000, 0x0000000100000000)
  eden space 44544K, 100% used [0x00000000eab00000,0x00000000ed680000,0x00000000ed680000)
  from space 8704K, 44% used [0x00000000ee180000,0x00000000ee54ac40,0x00000000eea00000)
  to   space 11264K, 0% used [0x00000000ed680000,0x00000000ed680000,0x00000000ee180000)
 ParOldGen       total 287232K, used 199569K [0x00000000c0000000, 0x00000000d1880000, 0x00000000eab00000)
  object space 287232K, 69% used [0x00000000c0000000,0x00000000cc2e47b0,0x00000000d1880000)
 Metaspace       used 49461K, capacity 51827K, committed 52004K, reserved 1095680K
  class space    used 4895K, capacity 5710K, committed 5760K, reserved 1048576K
}
Event: 32,248 GC heap after
{Heap after GC invocations=72 (full 6):
 PSYoungGen      total 55808K, used 11244K [0x00000000eab00000, 0x00000000ef800000, 0x0000000100000000)
  eden space 44544K, 0% used [0x00000000eab00000,0x00000000eab00000,0x00000000ed680000)
  from space 11264K, 99% used [0x00000000ed680000,0x00000000ee17b380,0x00000000ee180000)
  to   space 15360K, 0% used [0x00000000ee900000,0x00000000ee900000,0x00000000ef800000)
 ParOldGen       total 287232K, used 202264K [0x00000000c0000000, 0x00000000d1880000, 0x00000000eab00000)
  object space 287232K, 70% used [0x00000000c0000000,0x00000000cc5862b8,0x00000000d1880000)
 Metaspace       used 49461K, capacity 51827K, committed 52004K, reserved 1095680K
  class space    used 4895K, capacity 5710K, committed 5760K, reserved 1048576K
}
Event: 32,536 GC heap before
{Heap before GC invocations=73 (full 6):
 PSYoungGen      total 55808K, used 55788K [0x00000000eab00000, 0x00000000ef800000, 0x0000000100000000)
  eden space 44544K, 100% used [0x00000000eab00000,0x00000000ed680000,0x00000000ed680000)
  from space 11264K, 99% used [0x00000000ed680000,0x00000000ee17b380,0x00000000ee180000)
  to   space 15360K, 0% used [0x00000000ee900000,0x00000000ee900000,0x00000000ef800000)
 ParOldGen       total 287232K, used 202264K [0x00000000c0000000, 0x00000000d1880000, 0x00000000eab00000)
  object space 287232K, 70% used [0x00000000c0000000,0x00000000cc5862b8,0x00000000d1880000)
 Metaspace       used 49461K, capacity 51827K, committed 52004K, reserved 1095680K
  class space    used 4895K, capacity 5710K, committed 5760K, reserved 1048576K
}
Event: 32,602 GC heap after
{Heap after GC invocations=73 (full 6):
 PSYoungGen      total 57856K, used 9702K [0x00000000eab00000, 0x00000000ef280000, 0x0000000100000000)
  eden space 48128K, 0% used [0x00000000eab00000,0x00000000eab00000,0x00000000eda00000)
  from space 9728K, 99% used [0x00000000ee900000,0x00000000ef279a78,0x00000000ef280000)
  to   space 11264K, 0% used [0x00000000edc80000,0x00000000edc80000,0x00000000ee780000)
 ParOldGen       total 287232K, used 213594K [0x00000000c0000000, 0x00000000d1880000, 0x00000000eab00000)
  object space 287232K, 74% used [0x00000000c0000000,0x00000000cd0968d8,0x00000000d1880000)
 Metaspace       used 49461K, capacity 51827K, committed 52004K, reserved 1095680K
  class space    used 4895K, capacity 5710K, committed 5760K, reserved 1048576K
}
Event: 32,901 GC heap before
{Heap before GC invocations=74 (full 6):
 PSYoungGen      total 57856K, used 57830K [0x00000000eab00000, 0x00000000ef280000, 0x0000000100000000)
  eden space 48128K, 100% used [0x00000000eab00000,0x00000000eda00000,0x00000000eda00000)
  from space 9728K, 99% used [0x00000000ee900000,0x00000000ef279a78,0x00000000ef280000)
  to   space 11264K, 0% used [0x00000000edc80000,0x00000000edc80000,0x00000000ee780000)
 ParOldGen       total 287232K, used 213594K [0x00000000c0000000, 0x00000000d1880000, 0x00000000eab00000)
  object space 287232K, 74% used [0x00000000c0000000,0x00000000cd0968d8,0x00000000d1880000)
 Metaspace       used 49462K, capacity 51827K, committed 52004K, reserved 1095680K
  class space    used 4895K, capacity 5710K, committed 5760K, reserved 1048576K
}
Event: 32,961 GC heap after
{Heap after GC invocations=74 (full 6):
 PSYoungGen      total 61952K, used 11255K [0x00000000eab00000, 0x00000000f0900000, 0x0000000100000000)
  eden space 50688K, 0% used [0x00000000eab00000,0x00000000eab00000,0x00000000edc80000)
  from space 11264K, 99% used [0x00000000edc80000,0x00000000ee77dee8,0x00000000ee780000)
  to   space 22016K, 0% used [0x00000000ef380000,0x00000000ef380000,0x00000000f0900000)
 ParOldGen       total 287232K, used 222423K [0x00000000c0000000, 0x00000000d1880000, 0x00000000eab00000)
  object space 287232K, 77% used [0x00000000c0000000,0x00000000cd935c40,0x00000000d1880000)
 Metaspace       used 49462K, capacity 51827K, committed 52004K, reserved 1095680K
  class space    used 4895K, capacity 5710K, committed 5760K, reserved 1048576K
}
Event: 33,413 GC heap before
{Heap before GC invocations=75 (full 6):
 PSYoungGen      total 61952K, used 61943K [0x00000000eab00000, 0x00000000f0900000, 0x0000000100000000)
  eden space 50688K, 100% used [0x00000000eab00000,0x00000000edc80000,0x00000000edc80000)
  from space 11264K, 99% used [0x00000000edc80000,0x00000000ee77dee8,0x00000000ee780000)
  to   space 22016K, 0% used [0x00000000ef380000,0x00000000ef380000,0x00000000f0900000)
 ParOldGen       total 287232K, used 222423K [0x00000000c0000000, 0x00000000d1880000, 0x00000000eab00000)
  object space 287232K, 77% used [0x00000000c0000000,0x00000000cd935c40,0x00000000d1880000)
 Metaspace       used 49462K, capacity 51827K, committed 52004K, reserved 1095680K
  class space    used 4895K, capacity 5710K, committed 5760K, reserved 1048576K
}
Event: 33,549 GC heap after
{Heap after GC invocations=75 (full 6):
 PSYoungGen      total 67072K, used 11274K [0x00000000eab00000, 0x00000000eff00000, 0x0000000100000000)
  eden space 55296K, 0% used [0x00000000eab00000,0x00000000eab00000,0x00000000ee100000)
  from space 11776K, 95% used [0x00000000ef380000,0x00000000efe828b8,0x00000000eff00000)
  to   space 14848K, 0% used [0x00000000ee200000,0x00000000ee200000,0x00000000ef080000)
 ParOldGen       total 287232K, used 233706K [0x00000000c0000000, 0x00000000d1880000, 0x00000000eab00000)
  object space 287232K, 81% used [0x00000000c0000000,0x00000000ce43aa28,0x00000000d1880000)
 Metaspace       used 49462K, capacity 51827K, committed 52004K, reserved 1095680K
  class space    used 4895K, capacity 5710K, committed 5760K, reserved 1048576K
}
Event: 34,077 GC heap before
{Heap before GC invocations=76 (full 6):
 PSYoungGen      total 67072K, used 66570K [0x00000000eab00000, 0x00000000eff00000, 0x0000000100000000)
  eden space 55296K, 100% used [0x00000000eab00000,0x00000000ee100000,0x00000000ee100000)
  from space 11776K, 95% used [0x00000000ef380000,0x00000000efe828b8,0x00000000eff00000)
  to   space 14848K, 0% used [0x00000000ee200000,0x00000000ee200000,0x00000000ef080000)
 ParOldGen       total 287232K, used 233706K [0x00000000c0000000, 0x00000000d1880000, 0x00000000eab00000)
  object space 287232K, 81% used [0x00000000c0000000,0x00000000ce43aa28,0x00000000d1880000)
 Metaspace       used 49462K, capacity 51827K, committed 52004K, reserved 1095680K
  class space    used 4895K, capacity 5710K, committed 5760K, reserved 1048576K
}
Event: 34,188 GC heap after
{Heap after GC invocations=76 (full 6):
 PSYoungGen      total 71168K, used 14847K [0x00000000eab00000, 0x00000000f1c00000, 0x0000000100000000)
  eden space 56320K, 0% used [0x00000000eab00000,0x00000000eab00000,0x00000000ee200000)
  from space 14848K, 99% used [0x00000000ee200000,0x00000000ef07fdb8,0x00000000ef080000)
  to   space 27648K, 0% used [0x00000000f0100000,0x00000000f0100000,0x00000000f1c00000)
 ParOldGen       total 287232K, used 243618K [0x00000000c0000000, 0x00000000d1880000, 0x00000000eab00000)
  object space 287232K, 84% used [0x00000000c0000000,0x00000000cede89b0,0x00000000d1880000)
 Metaspace       used 49462K, capacity 51827K, committed 52004K, reserved 1095680K
  class space    used 4895K, capacity 5710K, committed 5760K, reserved 1048576K
}
Event: 34,553 GC heap before
{Heap before GC invocations=77 (full 6):
 PSYoungGen      total 71168K, used 71167K [0x00000000eab00000, 0x00000000f1c00000, 0x0000000100000000)
  eden space 56320K, 100% used [0x00000000eab00000,0x00000000ee200000,0x00000000ee200000)
  from space 14848K, 99% used [0x00000000ee200000,0x00000000ef07fdb8,0x00000000ef080000)
  to   space 27648K, 0% used [0x00000000f0100000,0x00000000f0100000,0x00000000f1c00000)
 ParOldGen       total 287232K, used 243618K [0x00000000c0000000, 0x00000000d1880000, 0x00000000eab00000)
  object space 287232K, 84% used [0x00000000c0000000,0x00000000cede89b0,0x00000000d1880000)
 Metaspace       used 49462K, capacity 51827K, committed 52004K, reserved 1095680K
  class space    used 4895K, capacity 5710K, committed 5760K, reserved 1048576K
}
Event: 34,749 GC heap after
{Heap after GC invocations=77 (full 6):
 PSYoungGen      total 82944K, used 20854K [0x00000000eab00000, 0x00000000f1580000, 0x0000000100000000)
  eden space 61952K, 0% used [0x00000000eab00000,0x00000000eab00000,0x00000000ee780000)
  from space 20992K, 99% used [0x00000000f0100000,0x00000000f155db78,0x00000000f1580000)
  to   space 22528K, 0% used [0x00000000ee980000,0x00000000ee980000,0x00000000eff80000)
 ParOldGen       total 287232K, used 258533K [0x00000000c0000000, 0x00000000d1880000, 0x00000000eab00000)
  object space 287232K, 90% used [0x00000000c0000000,0x00000000cfc79428,0x00000000d1880000)
 Metaspace       used 49462K, capacity 51827K, committed 52004K, reserved 1095680K
  class space    used 4895K, capacity 5710K, committed 5760K, reserved 1048576K
}
Event: 37,698 GC heap before
{Heap before GC invocations=78 (full 6):
 PSYoungGen      total 82944K, used 82806K [0x00000000eab00000, 0x00000000f1580000, 0x0000000100000000)
  eden space 61952K, 100% used [0x00000000eab00000,0x00000000ee780000,0x00000000ee780000)
  from space 20992K, 99% used [0x00000000f0100000,0x00000000f155db78,0x00000000f1580000)
  to   space 22528K, 0% used [0x00000000ee980000,0x00000000ee980000,0x00000000eff80000)
 ParOldGen       total 287232K, used 258533K [0x00000000c0000000, 0x00000000d1880000, 0x00000000eab00000)
  object space 287232K, 90% used [0x00000000c0000000,0x00000000cfc79428,0x00000000d1880000)
 Metaspace       used 49482K, capacity 51827K, committed 52004K, reserved 1095680K
  class space    used 4896K, capacity 5710K, committed 5760K, reserved 1048576K
}
Event: 37,961 GC heap after
{Heap after GC invocations=78 (full 6):
 PSYoungGen      total 86528K, used 22505K [0x00000000eab00000, 0x00000000f6200000, 0x0000000100000000)
  eden space 64000K, 0% used [0x00000000eab00000,0x00000000eab00000,0x00000000ee980000)
  from space 22528K, 99% used [0x00000000ee980000,0x00000000eff7a620,0x00000000eff80000)
  to   space 59904K, 0% used [0x00000000f2780000,0x00000000f2780000,0x00000000f6200000)
 ParOldGen       total 290816K, used 290123K [0x00000000c0000000, 0x00000000d1c00000, 0x00000000eab00000)
  object space 290816K, 99% used [0x00000000c0000000,0x00000000d1b52d88,0x00000000d1c00000)
 Metaspace       used 49482K, capacity 51827K, committed 52004K, reserved 1095680K
  class space    used 4896K, capacity 5710K, committed 5760K, reserved 1048576K
}
Event: 37,979 GC heap before
{Heap before GC invocations=79 (full 7):
 PSYoungGen      total 86528K, used 22505K [0x00000000eab00000, 0x00000000f6200000, 0x0000000100000000)
  eden space 64000K, 0% used [0x00000000eab00000,0x00000000eab00000,0x00000000ee980000)
  from space 22528K, 99% used [0x00000000ee980000,0x00000000eff7a620,0x00000000eff80000)
  to   space 59904K, 0% used [0x00000000f2780000,0x00000000f2780000,0x00000000f6200000)
 ParOldGen       total 290816K, used 290123K [0x00000000c0000000, 0x00000000d1c00000, 0x00000000eab00000)
  object space 290816K, 99% used [0x00000000c0000000,0x00000000d1b52d88,0x00000000d1c00000)
 Metaspace       used 49482K, capacity 51827K, committed 52004K, reserved 1095680K
  class space    used 4896K, capacity 5710K, committed 5760K, reserved 1048576K
}

